# JRE version: Java(TM) SE Runtime Environment (8.0_101-b13) (build 1.8.0_101-b13)
# Java VM: Java HotSpot(TM) 64-Bit Server VM (25.101-b13 mixed mode bsd-amd64 compressed oops)
Heap:
 PSYoungGen      total 38400K, used 1318K [0x0000000795580000, 0x0000000799c00000, 0x00000007c0000000)
  eden space 33280K, 3% used [0x0000000795580000,0x00000007956c9828,0x0000000797600000)
  from space 5120K, 0% used [0x0000000797600000,0x0000000797600000,0x0000000797b00000)
  to   space 5120K, 0% used [0x0000000799700000,0x0000000799700000,0x0000000799c00000)
 ParOldGen       total 87552K, used 3138K [0x0000000740000000, 0x0000000745580000, 0x0000000795580000)
  object space 87552K, 3% used [0x0000000740000000,0x0000000740310b38,0x0000000745580000)
 Metaspace       used 15689K, capacity 15814K, committed 16256K, reserved 1062912K
  class space    used 1978K, capacity 2054K, committed 2176K, reserved 1048576K
GC Heap History (8 events):
Event: 0.486 GC heap before
{Heap before GC invocations=1 (full 0):
 PSYoungGen      total 38400K, used 33280K [0x0000000795580000, 0x0000000798000000, 0x00000007c0000000)
  eden space 33280K, 100% used [0x0000000795580000,0x0000000797600000,0x0000000797600000)
  from space 5120K, 0% used [0x0000000797b00000,0x0000000797b00000,0x0000000798000000)
  to   space 5120K, 0% used [0x0000000797600000,0x0000000797600000,0x0000000797b00000)
 ParOldGen       total 87552K, used 0K [0x0000000740000000, 0x0000000745580000, 0x0000000795580000)
  object space 87552K, 0% used [0x0000000740000000,0x0000000740000000,0x0000000745580000)
 Metaspace       used 7173K, capacity 8088K, committed 8192K, reserved 1056768K
  class space    used 929K, capacity 968K, committed 1024K, reserved 1048576K
Event: 0.492 GC heap after
Heap after GC invocations=1 (full 0):
 PSYoungGen      total 38400K, used 3836K [0x0000000795580000, 0x000000079a080000, 0x00000007c0000000)
  eden space 33280K, 0% used [0x0000000795580000,0x0000000795580000,0x0000000797600000)
  from space 5120K, 74% used [0x0000000797600000,0x00000007979bf178,0x0000000797b00000)
  to   space 5120K, 0% used [0x0000000799b80000,0x0000000799b80000,0x000000079a080000)
 ParOldGen       total 87552K, used 8K [0x0000000740000000, 0x0000000745580000, 0x0000000795580000)
  object space 87552K, 0% used [0x0000000740000000,0x0000000740002000,0x0000000745580000)
 Metaspace       used 7173K, capacity 8088K, committed 8192K, reserved 1056768K
  class space    used 929K, capacity 968K, committed 1024K, reserved 1048576K
}
Event: 22.392 GC heap before
{Heap before GC invocations=2 (full 0):
 PSYoungGen      total 38400K, used 37116K [0x0000000795580000, 0x000000079a080000, 0x00000007c0000000)
  eden space 33280K, 100% used [0x0000000795580000,0x0000000797600000,0x0000000797600000)
  from space 5120K, 74% used [0x0000000797600000,0x00000007979bf178,0x0000000797b00000)
  to   space 5120K, 0% used [0x0000000799b80000,0x0000000799b80000,0x000000079a080000)
 ParOldGen       total 87552K, used 8K [0x0000000740000000, 0x0000000745580000, 0x0000000795580000)
  object space 87552K, 0% used [0x0000000740000000,0x0000000740002000,0x0000000745580000)
 Metaspace       used 13842K, capacity 14002K, committed 14336K, reserved 1062912K
  class space    used 1721K, capacity 1792K, committed 1792K, reserved 1048576K
Event: 22.399 GC heap after
Heap after GC invocations=2 (full 0):
 PSYoungGen      total 38400K, used 4679K [0x0000000795580000, 0x000000079a080000, 0x00000007c0000000)
  eden space 33280K, 0% used [0x0000000795580000,0x0000000795580000,0x0000000797600000)
  from space 5120K, 91% used [0x0000000799b80000,0x000000079a011c50,0x000000079a080000)
  to   space 5120K, 0% used [0x0000000797600000,0x0000000797600000,0x0000000797b00000)
 ParOldGen       total 87552K, used 16K [0x0000000740000000, 0x0000000745580000, 0x0000000795580000)
  object space 87552K, 0% used [0x0000000740000000,0x0000000740004000,0x0000000745580000)
 Metaspace       used 13842K, capacity 14002K, committed 14336K, reserved 1062912K
  class space    used 1721K, capacity 1792K, committed 1792K, reserved 1048576K
}
Event: 33.172 GC heap before
{Heap before GC invocations=3 (full 0):
 PSYoungGen      total 38400K, used 9335K [0x0000000795580000, 0x000000079a080000, 0x00000007c0000000)
  eden space 33280K, 13% used [0x0000000795580000,0x0000000795a0c138,0x0000000797600000)
  from space 5120K, 91% used [0x0000000799b80000,0x000000079a011c50,0x000000079a080000)
  to   space 5120K, 0% used [0x0000000797600000,0x0000000797600000,0x0000000797b00000)
 ParOldGen       total 87552K, used 16K [0x0000000740000000, 0x0000000745580000, 0x0000000795580000)
  object space 87552K, 0% used [0x0000000740000000,0x0000000740004000,0x0000000745580000)
 Metaspace       used 15687K, capacity 15814K, committed 16256K, reserved 1062912K
  class space    used 1977K, capacity 2054K, committed 2176K, reserved 1048576K
Event: 33.177 GC heap after
Heap after GC invocations=3 (full 0):
 PSYoungGen      total 38400K, used 3264K [0x0000000795580000, 0x0000000799c00000, 0x00000007c0000000)
  eden space 33280K, 0% used [0x0000000795580000,0x0000000795580000,0x0000000797600000)
  from space 5120K, 63% used [0x0000000797600000,0x0000000797930000,0x0000000797b00000)
  to   space 5120K, 0% used [0x0000000799700000,0x0000000799700000,0x0000000799c00000)
 ParOldGen       total 87552K, used 24K [0x0000000740000000, 0x0000000745580000, 0x0000000795580000)
  object space 87552K, 0% used [0x0000000740000000,0x0000000740006000,0x0000000745580000)
 Metaspace       used 15687K, capacity 15814K, committed 16256K, reserved 1062912K
  class space    used 1977K, capacity 2054K, committed 2176K, reserved 1048576K
}
Event: 33.177 GC heap before
{Heap before GC invocations=4 (full 1):
 PSYoungGen      total 38400K, used 3264K [0x0000000795580000, 0x0000000799c00000, 0x00000007c0000000)
  eden space 33280K, 0% used [0x0000000795580000,0x0000000795580000,0x0000000797600000)
  from space 5120K, 63% used [0x0000000797600000,0x0000000797930000,0x0000000797b00000)
  to   space 5120K, 0% used [0x0000000799700000,0x0000000799700000,0x0000000799c00000)
 ParOldGen       total 87552K, used 24K [0x0000000740000000, 0x0000000745580000, 0x0000000795580000)
  object space 87552K, 0% used [0x0000000740000000,0x0000000740006000,0x0000000745580000)
 Metaspace       used 15687K, capacity 15814K, committed 16256K, reserved 1062912K
  class space    used 1977K, capacity 2054K, committed 2176K, reserved 1048576K
Event: 33.201 GC heap after
Heap after GC invocations=4 (full 1):
 PSYoungGen      total 38400K, used 0K [0x0000000795580000, 0x0000000799c00000, 0x00000007c0000000)
  eden space 33280K, 0% used [0x0000000795580000,0x0000000795580000,0x0000000797600000)
  from space 5120K, 0% used [0x0000000797600000,0x0000000797600000,0x0000000797b00000)
  to   space 5120K, 0% used [0x0000000799700000,0x0000000799700000,0x0000000799c00000)
 ParOldGen       total 87552K, used 3138K [0x0000000740000000, 0x0000000745580000, 0x0000000795580000)
  object space 87552K, 3% used [0x0000000740000000,0x0000000740310b38,0x0000000745580000)
 Metaspace       used 15687K, capacity 15814K, committed 16256K, reserved 1062912K
  class space    used 1977K, capacity 2054K, committed 2176K, reserved 1048576K
}

